2016-03-03 16:20:54  [ main:0 ] - [ INFO ]  Root WebApplicationContext: initialization started
2016-03-03 16:20:54  [ main:123 ] - [ INFO ]  Refreshing Root WebApplicationContext: startup date [Thu Mar 03 16:20:54 EST 2016]; root of context hierarchy
2016-03-03 16:20:54  [ main:180 ] - [ INFO ]  Loading XML bean definitions from class path resource [spring/spring-context.xml]
2016-03-03 16:20:54  [ main:334 ] - [ INFO ]  Loading XML bean definitions from URL [jar:file:/Users/steve/.m2/repository/com/baanyan/resume-management-common/1.0-SNAPSHOT/resume-management-common-1.0-SNAPSHOT.jar!/spring-context-common.xml]
2016-03-03 16:20:54  [ main:400 ] - [ INFO ]  Loading XML bean definitions from URL [jar:file:/Users/steve/.m2/repository/com/baanyan/resume-management-common/1.0-SNAPSHOT/resume-management-common-1.0-SNAPSHOT.jar!/spring-hibernate.xml]
2016-03-03 16:20:54  [ main:587 ] - [ INFO ]  Loading XML bean definitions from URL [jar:file:/Users/steve/.m2/repository/com/baanyan/resume-management-admin-resume/1.0-SNAPSHOT/resume-management-admin-resume-1.0-SNAPSHOT.jar!/spring-context-admin-resume.xml]
2016-03-03 16:20:54  [ main:644 ] - [ INFO ]  Loading XML bean definitions from URL [jar:file:/Users/steve/.m2/repository/com/baanyan/resume-management-user-resume/1.0-SNAPSHOT/resume-management-user-resume-1.0-SNAPSHOT.jar!/spring-context-user-resume.xml]
2016-03-03 16:20:54  [ main:684 ] - [ INFO ]  Loading XML bean definitions from URL [jar:file:/Users/steve/.m2/repository/com/baanyan/resume-management-user-information/1.0-SNAPSHOT/resume-management-user-information-1.0-SNAPSHOT.jar!/spring-context-user-information.xml]
2016-03-03 16:20:54  [ main:747 ] - [ INFO ]  Loading XML bean definitions from URL [jar:file:/Users/steve/.m2/repository/com/baanyan/resume-management-auth/1.0-SNAPSHOT/resume-management-auth-1.0-SNAPSHOT.jar!/spring-context-auth.xml]
2016-03-03 16:20:54  [ main:776 ] - [ INFO ]  Loading XML bean definitions from class path resource [spring/spring-mvc.xml]
2016-03-03 16:20:55  [ main:1112 ] - [ INFO ]  Loading properties file from class path resource [hibernate-development.properties]
2016-03-03 16:20:55  [ main:1138 ] - [ INFO ]  JSR-330 'javax.inject.Inject' annotation found and supported for autowiring
2016-03-03 16:20:55  [ MLog-Init-Reporter:1458 ] - [ INFO ]  MLog clients using slf4j logging.
2016-03-03 16:20:55  [ main:1614 ] - [ INFO ]  Initializing c3p0-0.9.5.2 [built 08-December-2015 22:06:04 -0800; debug? true; trace: 10]
2016-03-03 16:20:56  [ main:2113 ] - [ INFO ]  HCANN000001: Hibernate Commons Annotations {4.0.5.Final}
2016-03-03 16:20:56  [ main:2131 ] - [ INFO ]  HHH000412: Hibernate Core {4.3.6.Final}
2016-03-03 16:20:56  [ main:2136 ] - [ INFO ]  HHH000206: hibernate.properties not found
2016-03-03 16:20:56  [ main:2139 ] - [ INFO ]  HHH000021: Bytecode provider name : javassist
2016-03-03 16:20:56  [ main:2347 ] - [ INFO ]  Initializing c3p0 pool... com.mchange.v2.c3p0.ComboPooledDataSource [ acquireIncrement -> 3, acquireRetryAttempts -> 30, acquireRetryDelay -> 1000, autoCommitOnClose -> false, automaticTestTable -> null, breakAfterAcquireFailure -> false, checkoutTimeout -> 0, connectionCustomizerClassName -> null, connectionTesterClassName -> com.mchange.v2.c3p0.impl.DefaultConnectionTester, contextClassLoaderSource -> caller, dataSourceName -> 2sa00u9fhaugmymhgpkx|3f803fae, debugUnreturnedConnectionStackTraces -> false, description -> null, driverClass -> com.mysql.jdbc.Driver, extensions -> {}, factoryClassLocation -> null, forceIgnoreUnresolvedTransactions -> false, forceSynchronousCheckins -> false, forceUseNamedDriverClass -> false, identityToken -> 2sa00u9fhaugmymhgpkx|3f803fae, idleConnectionTestPeriod -> 0, initialPoolSize -> 1, jdbcUrl -> jdbc:mysql://localhost:3306/hibt, maxAdministrativeTaskTime -> 0, maxConnectionAge -> 0, maxIdleTime -> 1, maxIdleTimeExcessConnections -> 0, maxPoolSize -> 40, maxStatements -> 0, maxStatementsPerConnection -> 0, minPoolSize -> 1, numHelperThreads -> 3, preferredTestQuery -> null, privilegeSpawnedThreads -> false, properties -> {user=******, password=******}, propertyCycle -> 0, statementCacheNumDeferredCloseThreads -> 0, testConnectionOnCheckin -> false, testConnectionOnCheckout -> false, unreturnedConnectionTimeout -> 0, userOverrides -> {}, usesTraditionalReflectiveProxies -> false ]
2016-03-03 16:20:57  [ main:2809 ] - [ INFO ]  HHH000400: Using dialect: org.hibernate.dialect.MySQLDialect
2016-03-03 16:20:57  [ main:2940 ] - [ INFO ]  HHH000399: Using default transaction strategy (direct JDBC transactions)
2016-03-03 16:20:57  [ main:2944 ] - [ INFO ]  HHH000397: Using ASTQueryTranslatorFactory
2016-03-03 16:20:57  [ main:2993 ] - [ INFO ]  Hibernate Validator 4.1.0.Final
2016-03-03 16:20:57  [ main:3000 ] - [ INFO ]  Instantiated an instance of org.hibernate.validator.engine.resolver.JPATraversableResolver.
2016-03-03 16:20:57  [ main:3107 ] - [ WARN ]  HHH000409: Using org.hibernate.id.UUIDHexGenerator which does not generate IETF RFC 4122 compliant UUID values; consider using org.hibernate.id.UUIDGenerator instead
2016-03-03 16:20:57  [ main:3372 ] - [ INFO ]  HHH000228: Running hbm2ddl schema update
2016-03-03 16:20:57  [ main:3373 ] - [ INFO ]  HHH000102: Fetching database metadata
2016-03-03 16:20:57  [ main:3381 ] - [ INFO ]  HHH000396: Updating schema
2016-03-03 16:20:57  [ main:3428 ] - [ INFO ]  HHH000261: Table found: hibt.element
2016-03-03 16:20:57  [ main:3428 ] - [ INFO ]  HHH000037: Columns: [createtime, id, updatetime]
2016-03-03 16:20:57  [ main:3429 ] - [ INFO ]  HHH000108: Foreign keys: []
2016-03-03 16:20:57  [ main:3430 ] - [ INFO ]  HHH000126: Indexes: [primary]
2016-03-03 16:20:57  [ main:3453 ] - [ INFO ]  HHH000261: Table found: hibt.user
2016-03-03 16:20:57  [ main:3454 ] - [ INFO ]  HHH000037: Columns: [createtime, id, updatetime]
2016-03-03 16:20:57  [ main:3455 ] - [ INFO ]  HHH000108: Foreign keys: []
2016-03-03 16:20:57  [ main:3455 ] - [ INFO ]  HHH000126: Indexes: [primary]
2016-03-03 16:20:57  [ main:3484 ] - [ INFO ]  HHH000261: Table found: hibt.user_information
2016-03-03 16:20:57  [ main:3485 ] - [ INFO ]  HHH000037: Columns: [createtime, firstname, user_id, id, updatetime, lastname]
2016-03-03 16:20:57  [ main:3486 ] - [ INFO ]  HHH000108: Foreign keys: [fk_1vcrp2ijfleyers55myr1j0tf]
2016-03-03 16:20:57  [ main:3487 ] - [ INFO ]  HHH000126: Indexes: [fk_1vcrp2ijfleyers55myr1j0tf, primary]
2016-03-03 16:20:57  [ main:3489 ] - [ INFO ]  HHH000232: Schema update complete
2016-03-03 16:20:57  [ main:3563 ] - [ INFO ]  Using DataSource [com.mchange.v2.c3p0.ComboPooledDataSource[ identityToken -> 2sa00u9fhaugmymhgpkx|3f803fae, dataSourceName -> 2sa00u9fhaugmymhgpkx|3f803fae ]] of Hibernate SessionFactory for HibernateTransactionManager
2016-03-03 16:20:58  [ main:4093 ] - [ INFO ]  Mapped "{[/test/],methods=[GET],produces=[application/json]}" onto public org.springframework.http.ResponseEntity<com.baanyan.common.message.Message> com.baanyan.common.HeartBeat.throwException()
2016-03-03 16:20:58  [ main:4095 ] - [ INFO ]  Mapped "{[/user_infos/{user_id}],methods=[GET],produces=[application/json]}" onto public org.springframework.http.ResponseEntity<com.baanyan.user_information.dto.UserInformationResponse> com.baanyan.user_information.controller.UserInformationController.getUserInformation(java.lang.String)
2016-03-03 16:20:58  [ main:4095 ] - [ INFO ]  Mapped "{[/user_infos/{user_id}],methods=[POST],produces=[application/json]}" onto public org.springframework.http.ResponseEntity<com.baanyan.user_information.dto.UserInformationResponse> com.baanyan.user_information.controller.UserInformationController.createUserInformation(java.lang.String,com.baanyan.user_information.dto.CreateUserInformationRequest)
2016-03-03 16:20:58  [ main:4144 ] - [ INFO ]  Instantiated an instance of org.hibernate.validator.engine.resolver.JPATraversableResolver.
2016-03-03 16:20:58  [ main:4731 ] - [ INFO ]  Looking for @ControllerAdvice: Root WebApplicationContext: startup date [Thu Mar 03 16:20:54 EST 2016]; root of context hierarchy
2016-03-03 16:20:59  [ main:4835 ] - [ INFO ]  Looking for @ControllerAdvice: Root WebApplicationContext: startup date [Thu Mar 03 16:20:54 EST 2016]; root of context hierarchy
2016-03-03 16:20:59  [ main:4903 ] - [ INFO ]  Detected @ExceptionHandler methods in globalExceptionHandler
2016-03-03 16:20:59  [ main:4959 ] - [ INFO ]  Root WebApplicationContext: initialization completed in 4952 ms
2016-03-03 16:20:59  [ main:5075 ] - [ INFO ]  FrameworkServlet 'spring-dispatcher': initialization started
2016-03-03 16:20:59  [ main:5079 ] - [ INFO ]  Refreshing WebApplicationContext for namespace 'spring-dispatcher-servlet': startup date [Thu Mar 03 16:20:59 EST 2016]; parent: Root WebApplicationContext
2016-03-03 16:20:59  [ main:5086 ] - [ INFO ]  Loading XML bean definitions from ServletContext resource [/WEB-INF/spring-dispatcher-servlet.xml]
2016-03-03 16:20:59  [ main:5145 ] - [ INFO ]  FrameworkServlet 'spring-dispatcher': initialization completed in 69 ms
2016-03-03 16:21:02  [ Thread-1:7862 ] - [ INFO ]  Closing WebApplicationContext for namespace 'spring-dispatcher-servlet': startup date [Thu Mar 03 16:20:59 EST 2016]; parent: Root WebApplicationContext
